TN:
SF:src/services/dependencyService.js
FN:11,readPomXml
FN:27,extractDependencies
FN:38,(anonymous_2)
FN:48,(anonymous_3)
FNF:4
FNH:4
FNDA:16,readPomXml
FNDA:14,extractDependencies
FNDA:9,(anonymous_2)
FNDA:3,(anonymous_3)
DA:12,16
DA:13,16
DA:14,15
DA:15,14
DA:16,14
DA:18,2
DA:28,14
DA:30,14
DA:31,1
DA:34,13
DA:36,13
DA:37,8
DA:38,9
DA:46,13
DA:47,4
DA:48,3
DA:56,13
LF:17
LH:17
BRDA:30,0,0,1
BRDA:30,0,1,13
BRDA:34,1,0,13
BRDA:34,1,1,12
BRDA:36,2,0,8
BRDA:36,2,1,5
BRDA:39,3,0,9
BRDA:39,3,1,1
BRDA:40,4,0,9
BRDA:40,4,1,1
BRDA:41,5,0,9
BRDA:41,5,1,2
BRDA:46,6,0,4
BRDA:46,6,1,9
BRDA:49,7,0,3
BRDA:49,7,1,0
BRDA:50,8,0,3
BRDA:50,8,1,0
BRDA:51,9,0,3
BRDA:51,9,1,0
BRF:20
BRH:17
end_of_record
TN:
SF:src/services/duplicateChecker.js
FN:6,checkForDuplicates
FN:7,(anonymous_1)
FN:16,(anonymous_2)
FNF:3
FNH:3
FNDA:6,checkForDuplicates
FNDA:13,(anonymous_1)
FNDA:9,(anonymous_2)
DA:7,6
DA:8,13
DA:9,13
DA:10,9
DA:12,13
DA:13,13
DA:16,9
LF:7
LH:7
BRDA:9,0,0,9
BRDA:9,0,1,4
BRF:2
BRH:2
end_of_record
TN:
SF:src/utils/dependencyResolver.js
FN:22,(anonymous_0)
FNF:1
FNH:1
FNDA:7,(anonymous_0)
DA:22,2
DA:23,7
DA:24,4
DA:25,4
DA:27,3
LF:5
LH:5
BRDA:23,0,0,4
BRDA:23,0,1,3
BRDA:23,1,0,7
BRDA:23,1,1,5
BRDA:23,1,2,4
BRDA:25,2,0,2
BRDA:25,2,1,2
BRDA:27,3,0,3
BRDA:27,3,1,2
BRF:9
BRH:9
end_of_record
TN:
SF:src/utils/fileUtils.js
FN:10,(anonymous_0)
FN:11,(anonymous_1)
FN:12,(anonymous_2)
FNF:3
FNH:3
FNDA:3,(anonymous_0)
FNDA:3,(anonymous_1)
FNDA:3,(anonymous_2)
DA:10,2
DA:11,3
DA:12,3
DA:13,3
DA:14,1
DA:16,2
LF:6
LH:6
BRDA:13,0,0,1
BRDA:13,0,1,2
BRF:2
BRH:2
end_of_record
TN:
SF:src/utils/outputFormatter.js
FN:7,(anonymous_0)
FNF:1
FNH:1
FNDA:4,(anonymous_0)
DA:7,1
DA:8,4
DA:9,1
DA:10,1
DA:12,3
LF:5
LH:5
BRDA:8,0,0,1
BRDA:8,0,1,3
BRDA:8,1,0,4
BRDA:8,1,1,2
BRF:4
BRH:4
end_of_record
TN:
SF:src/utils/xmlParser.js
FN:10,(anonymous_0)
FN:11,(anonymous_1)
FN:13,(anonymous_2)
FNF:3
FNH:3
FNDA:4,(anonymous_0)
FNDA:4,(anonymous_1)
FNDA:4,(anonymous_2)
DA:10,2
DA:11,4
DA:12,4
DA:13,4
DA:14,4
DA:15,1
DA:17,3
LF:7
LH:7
BRDA:14,0,0,1
BRDA:14,0,1,3
BRF:2
BRH:2
end_of_record
